[2026-04-10 13:24:18.774] [info] Loaded model triple_pendulum from file try.osim
[2026-04-10 13:33:41.840] [info] Loaded model triple_pendulum from file try.osim
[2026-04-10 13:34:00.797] [warning] ForceSet 'forceset' has subcomponents with duplicate name 'q1'. The duplicate is being renamed to 'q1_376'.
[2026-04-10 13:34:00.815] [warning] ForceSet 'forceset' has subcomponents with duplicate name 'q2'. The duplicate is being renamed to 'q2_376'.
[2026-04-10 13:34:00.834] [warning] ForceSet 'forceset' has subcomponents with duplicate name 'q3'. The duplicate is being renamed to 'q3_376'.
[2026-04-10 13:34:00.887] [warning] ControllerSet 'controllerset' has subcomponents with duplicate name 'Brain2'. The duplicate is being renamed to 'Brain2_377'.
[2026-04-10 13:34:00.904] [warning] ControllerSet 'controllerset' has subcomponents with duplicate name 'Brain3'. The duplicate is being renamed to 'Brain3_377'.
[2026-04-10 13:34:00.920] [warning] ControllerSet 'controllerset' has subcomponents with duplicate name 'Brain4'. The duplicate is being renamed to 'Brain4_377'.
[2026-04-10 13:34:00.950] [warning] MarkerSet 'markerset' has subcomponents with duplicate name 'StaticO'. The duplicate is being renamed to 'StaticO_134'.
[2026-04-10 13:34:00.966] [warning] MarkerSet 'markerset' has subcomponents with duplicate name 'StaticX'. The duplicate is being renamed to 'StaticX_134'.
[2026-04-10 13:34:00.979] [warning] MarkerSet 'markerset' has subcomponents with duplicate name 'StaticY'. The duplicate is being renamed to 'StaticY_134'.
[2026-04-10 13:34:00.995] [warning] Body 'upper' has subcomponents with duplicate name 'upper_imu'. The duplicate is being renamed to 'upper_imu_378'.
[2026-04-10 13:34:01.008] [warning] MarkerSet 'markerset' has subcomponents with duplicate name 'UpperO'. The duplicate is being renamed to 'UpperO_335'.
[2026-04-10 13:34:01.026] [warning] MarkerSet 'markerset' has subcomponents with duplicate name 'UpperX'. The duplicate is being renamed to 'UpperX_335'.
[2026-04-10 13:34:01.042] [warning] MarkerSet 'markerset' has subcomponents with duplicate name 'UpperY'. The duplicate is being renamed to 'UpperY_335'.
[2026-04-10 13:34:01.059] [warning] MarkerSet 'markerset' has subcomponents with duplicate name 'UpperJ1'. The duplicate is being renamed to 'UpperJ1_38'.
[2026-04-10 13:34:01.065] [warning] Body 'middle' has subcomponents with duplicate name 'middle_imu'. The duplicate is being renamed to 'middle_imu_378'.
[2026-04-10 13:34:01.079] [warning] MarkerSet 'markerset' has subcomponents with duplicate name 'MiddleO'. The duplicate is being renamed to 'MiddleO_335'.
[2026-04-10 13:34:01.095] [warning] MarkerSet 'markerset' has subcomponents with duplicate name 'MiddleX'. The duplicate is being renamed to 'MiddleX_335'.
[2026-04-10 13:34:01.111] [warning] MarkerSet 'markerset' has subcomponents with duplicate name 'MiddleY'. The duplicate is being renamed to 'MiddleY_335'.
[2026-04-10 13:34:01.127] [warning] MarkerSet 'markerset' has subcomponents with duplicate name 'MiddleJ1'. The duplicate is being renamed to 'MiddleJ1_38'.
[2026-04-10 13:34:01.132] [warning] Body 'lower' has subcomponents with duplicate name 'lower_imu'. The duplicate is being renamed to 'lower_imu_378'.
[2026-04-10 13:34:01.148] [warning] MarkerSet 'markerset' has subcomponents with duplicate name 'LowerO'. The duplicate is being renamed to 'LowerO_335'.
[2026-04-10 13:34:01.165] [warning] MarkerSet 'markerset' has subcomponents with duplicate name 'LowerX'. The duplicate is being renamed to 'LowerX_335'.
[2026-04-10 13:34:01.181] [warning] MarkerSet 'markerset' has subcomponents with duplicate name 'LowerY'. The duplicate is being renamed to 'LowerY_335'.
[2026-04-10 13:34:01.197] [warning] MarkerSet 'markerset' has subcomponents with duplicate name 'Lower5'. The duplicate is being renamed to 'Lower5_38'.
[2026-04-10 13:34:01.214] [warning] MarkerSet 'markerset' has subcomponents with duplicate name 'Lower6'. The duplicate is being renamed to 'Lower6_38'.
[2026-04-10 13:34:01.255] [warning] Model 'triple_pendulum' has subcomponents with duplicate name 'reporter'. The duplicate is being renamed to 'reporter_377'.
[2026-04-10 13:41:04.129] [info] Loaded model triple_pendulum from file try.osim
[2026-04-10 13:41:08.062] [warning] ForceSet 'forceset' has subcomponents with duplicate name 'q1'. The duplicate is being renamed to 'q1_377'.
[2026-04-10 13:41:08.082] [warning] ForceSet 'forceset' has subcomponents with duplicate name 'q2'. The duplicate is being renamed to 'q2_377'.
[2026-04-10 13:41:08.103] [warning] ForceSet 'forceset' has subcomponents with duplicate name 'q3'. The duplicate is being renamed to 'q3_377'.
[2026-04-10 13:41:08.135] [warning] ControllerSet 'controllerset' has subcomponents with duplicate name 'Brain2'. The duplicate is being renamed to 'Brain2_0'.
[2026-04-10 13:41:08.155] [warning] ControllerSet 'controllerset' has subcomponents with duplicate name 'Brain3'. The duplicate is being renamed to 'Brain3_0'.
[2026-04-10 13:41:08.174] [warning] ControllerSet 'controllerset' has subcomponents with duplicate name 'Brain4'. The duplicate is being renamed to 'Brain4_0'.
[2026-04-10 13:41:08.206] [warning] MarkerSet 'markerset' has subcomponents with duplicate name 'StaticO'. The duplicate is being renamed to 'StaticO_135'.
[2026-04-10 13:41:08.225] [warning] MarkerSet 'markerset' has subcomponents with duplicate name 'StaticX'. The duplicate is being renamed to 'StaticX_135'.
[2026-04-10 13:41:08.247] [warning] MarkerSet 'markerset' has subcomponents with duplicate name 'StaticY'. The duplicate is being renamed to 'StaticY_135'.
[2026-04-10 13:41:08.254] [warning] Body 'upper' has subcomponents with duplicate name 'upper_imu'. The duplicate is being renamed to 'upper_imu_379'.
[2026-04-10 13:41:08.272] [warning] MarkerSet 'markerset' has subcomponents with duplicate name 'UpperO'. The duplicate is being renamed to 'UpperO_336'.
[2026-04-10 13:41:08.296] [warning] MarkerSet 'markerset' has subcomponents with duplicate name 'UpperX'. The duplicate is being renamed to 'UpperX_336'.
[2026-04-10 13:41:08.316] [warning] MarkerSet 'markerset' has subcomponents with duplicate name 'UpperY'. The duplicate is being renamed to 'UpperY_336'.
[2026-04-10 13:41:08.336] [warning] MarkerSet 'markerset' has subcomponents with duplicate name 'UpperJ1'. The duplicate is being renamed to 'UpperJ1_39'.
[2026-04-10 13:41:08.341] [warning] Body 'middle' has subcomponents with duplicate name 'middle_imu'. The duplicate is being renamed to 'middle_imu_379'.
[2026-04-10 13:41:08.360] [warning] MarkerSet 'markerset' has subcomponents with duplicate name 'MiddleO'. The duplicate is being renamed to 'MiddleO_336'.
[2026-04-10 13:41:08.381] [warning] MarkerSet 'markerset' has subcomponents with duplicate name 'MiddleX'. The duplicate is being renamed to 'MiddleX_336'.
[2026-04-10 13:41:08.401] [warning] MarkerSet 'markerset' has subcomponents with duplicate name 'MiddleY'. The duplicate is being renamed to 'MiddleY_336'.
[2026-04-10 13:41:08.423] [warning] MarkerSet 'markerset' has subcomponents with duplicate name 'MiddleJ1'. The duplicate is being renamed to 'MiddleJ1_39'.
[2026-04-10 13:41:08.430] [warning] Body 'lower' has subcomponents with duplicate name 'lower_imu'. The duplicate is being renamed to 'lower_imu_379'.
[2026-04-10 13:41:08.448] [warning] MarkerSet 'markerset' has subcomponents with duplicate name 'LowerO'. The duplicate is being renamed to 'LowerO_336'.
[2026-04-10 13:41:08.467] [warning] MarkerSet 'markerset' has subcomponents with duplicate name 'LowerX'. The duplicate is being renamed to 'LowerX_336'.
[2026-04-10 13:41:08.486] [warning] MarkerSet 'markerset' has subcomponents with duplicate name 'LowerY'. The duplicate is being renamed to 'LowerY_336'.
[2026-04-10 13:41:08.505] [warning] MarkerSet 'markerset' has subcomponents with duplicate name 'Lower5'. The duplicate is being renamed to 'Lower5_39'.
[2026-04-10 13:41:08.523] [warning] MarkerSet 'markerset' has subcomponents with duplicate name 'Lower6'. The duplicate is being renamed to 'Lower6_39'.
[2026-04-10 13:45:15.050] [info] Updating Model file from 40000 to latest format...
[2026-04-10 13:45:15.057] [info] Loaded model triple_pendulum from file try.osim
[2026-04-10 13:45:25.625] [warning] ForceSet 'forceset' has subcomponents with duplicate name 'q1'. The duplicate is being renamed to 'q1_6'.
[2026-04-10 13:45:25.626] [warning] ForceSet 'forceset' has subcomponents with duplicate name 'q2'. The duplicate is being renamed to 'q2_6'.
[2026-04-10 13:45:25.627] [warning] ForceSet 'forceset' has subcomponents with duplicate name 'q3'. The duplicate is being renamed to 'q3_6'.
[2026-04-10 13:45:25.634] [warning] ControllerSet 'controllerset' has subcomponents with duplicate name 'Brain2'. The duplicate is being renamed to 'Brain2_6'.
[2026-04-10 13:45:25.635] [warning] ControllerSet 'controllerset' has subcomponents with duplicate name 'Brain3'. The duplicate is being renamed to 'Brain3_6'.
[2026-04-10 13:45:25.635] [warning] ControllerSet 'controllerset' has subcomponents with duplicate name 'Brain4'. The duplicate is being renamed to 'Brain4_6'.
[2026-04-10 13:45:25.640] [warning] MarkerSet 'markerset' has subcomponents with duplicate name 'StaticO'. The duplicate is being renamed to 'StaticO_7'.
[2026-04-10 13:45:25.641] [warning] MarkerSet 'markerset' has subcomponents with duplicate name 'StaticX'. The duplicate is being renamed to 'StaticX_7'.
[2026-04-10 13:45:25.642] [warning] MarkerSet 'markerset' has subcomponents with duplicate name 'StaticY'. The duplicate is being renamed to 'StaticY_7'.
[2026-04-10 13:45:25.644] [warning] Body 'upper' has subcomponents with duplicate name 'upper_imu'. The duplicate is being renamed to 'upper_imu_7'.
[2026-04-10 13:45:25.644] [warning] MarkerSet 'markerset' has subcomponents with duplicate name 'UpperO'. The duplicate is being renamed to 'UpperO_7'.
[2026-04-10 13:45:25.646] [warning] MarkerSet 'markerset' has subcomponents with duplicate name 'UpperX'. The duplicate is being renamed to 'UpperX_7'.
[2026-04-10 13:45:25.647] [warning] MarkerSet 'markerset' has subcomponents with duplicate name 'UpperY'. The duplicate is being renamed to 'UpperY_7'.
[2026-04-10 13:45:25.648] [warning] MarkerSet 'markerset' has subcomponents with duplicate name 'UpperJ1'. The duplicate is being renamed to 'UpperJ1_7'.
[2026-04-10 13:45:25.649] [warning] Body 'middle' has subcomponents with duplicate name 'middle_imu'. The duplicate is being renamed to 'middle_imu_7'.
[2026-04-10 13:45:25.650] [warning] MarkerSet 'markerset' has subcomponents with duplicate name 'MiddleO'. The duplicate is being renamed to 'MiddleO_7'.
[2026-04-10 13:45:25.651] [warning] MarkerSet 'markerset' has subcomponents with duplicate name 'MiddleX'. The duplicate is being renamed to 'MiddleX_7'.
[2026-04-10 13:45:25.651] [warning] MarkerSet 'markerset' has subcomponents with duplicate name 'MiddleY'. The duplicate is being renamed to 'MiddleY_7'.
[2026-04-10 13:45:25.651] [warning] MarkerSet 'markerset' has subcomponents with duplicate name 'MiddleJ1'. The duplicate is being renamed to 'MiddleJ1_7'.
[2026-04-10 13:45:25.652] [warning] Body 'lower' has subcomponents with duplicate name 'lower_imu'. The duplicate is being renamed to 'lower_imu_7'.
[2026-04-10 13:45:25.652] [warning] MarkerSet 'markerset' has subcomponents with duplicate name 'LowerO'. The duplicate is being renamed to 'LowerO_7'.
[2026-04-10 13:45:25.653] [warning] MarkerSet 'markerset' has subcomponents with duplicate name 'LowerX'. The duplicate is being renamed to 'LowerX_7'.
[2026-04-10 13:45:25.653] [warning] MarkerSet 'markerset' has subcomponents with duplicate name 'LowerY'. The duplicate is being renamed to 'LowerY_7'.
[2026-04-10 13:45:25.654] [warning] MarkerSet 'markerset' has subcomponents with duplicate name 'Lower5'. The duplicate is being renamed to 'Lower5_7'.
[2026-04-10 13:45:25.654] [warning] MarkerSet 'markerset' has subcomponents with duplicate name 'Lower6'. The duplicate is being renamed to 'Lower6_7'.
[2026-04-10 13:45:25.664] [warning] Model 'triple_pendulum' has subcomponents with duplicate name 'reporter'. The duplicate is being renamed to 'reporter_6'.
[2026-04-10 13:54:16.681] [info] Updating Model file from 40000 to latest format...
[2026-04-10 13:54:16.686] [info] Loaded model triple_pendulum from file try.osim
[2026-04-10 13:54:18.534] [warning] ForceSet 'forceset' has subcomponents with duplicate name 'q1'. The duplicate is being renamed to 'q1_6'.
[2026-04-10 13:54:18.536] [warning] ForceSet 'forceset' has subcomponents with duplicate name 'q2'. The duplicate is being renamed to 'q2_6'.
[2026-04-10 13:54:18.537] [warning] ForceSet 'forceset' has subcomponents with duplicate name 'q3'. The duplicate is being renamed to 'q3_6'.
[2026-04-10 13:54:18.547] [warning] ControllerSet 'controllerset' has subcomponents with duplicate name 'Brain2'. The duplicate is being renamed to 'Brain2_6'.
[2026-04-10 13:54:18.549] [warning] ControllerSet 'controllerset' has subcomponents with duplicate name 'Brain3'. The duplicate is being renamed to 'Brain3_6'.
[2026-04-10 13:54:18.550] [warning] ControllerSet 'controllerset' has subcomponents with duplicate name 'Brain4'. The duplicate is being renamed to 'Brain4_6'.
[2026-04-10 13:54:18.556] [warning] MarkerSet 'markerset' has subcomponents with duplicate name 'StaticO'. The duplicate is being renamed to 'StaticO_7'.
[2026-04-10 13:54:18.557] [warning] MarkerSet 'markerset' has subcomponents with duplicate name 'StaticX'. The duplicate is being renamed to 'StaticX_7'.
[2026-04-10 13:54:18.558] [warning] MarkerSet 'markerset' has subcomponents with duplicate name 'StaticY'. The duplicate is being renamed to 'StaticY_7'.
[2026-04-10 13:54:18.561] [warning] Body 'upper' has subcomponents with duplicate name 'upper_imu'. The duplicate is being renamed to 'upper_imu_7'.
[2026-04-10 13:54:18.562] [warning] MarkerSet 'markerset' has subcomponents with duplicate name 'UpperO'. The duplicate is being renamed to 'UpperO_7'.
[2026-04-10 13:54:18.565] [warning] MarkerSet 'markerset' has subcomponents with duplicate name 'UpperX'. The duplicate is being renamed to 'UpperX_7'.
[2026-04-10 13:54:18.568] [warning] MarkerSet 'markerset' has subcomponents with duplicate name 'UpperY'. The duplicate is being renamed to 'UpperY_7'.
[2026-04-10 13:54:18.569] [warning] MarkerSet 'markerset' has subcomponents with duplicate name 'UpperJ1'. The duplicate is being renamed to 'UpperJ1_7'.
[2026-04-10 13:54:18.570] [warning] Body 'middle' has subcomponents with duplicate name 'middle_imu'. The duplicate is being renamed to 'middle_imu_7'.
[2026-04-10 13:54:18.571] [warning] MarkerSet 'markerset' has subcomponents with duplicate name 'MiddleO'. The duplicate is being renamed to 'MiddleO_7'.
[2026-04-10 13:54:18.572] [warning] MarkerSet 'markerset' has subcomponents with duplicate name 'MiddleX'. The duplicate is being renamed to 'MiddleX_7'.
[2026-04-10 13:54:18.573] [warning] MarkerSet 'markerset' has subcomponents with duplicate name 'MiddleY'. The duplicate is being renamed to 'MiddleY_7'.
[2026-04-10 13:54:18.574] [warning] MarkerSet 'markerset' has subcomponents with duplicate name 'MiddleJ1'. The duplicate is being renamed to 'MiddleJ1_7'.
[2026-04-10 13:54:18.575] [warning] Body 'lower' has subcomponents with duplicate name 'lower_imu'. The duplicate is being renamed to 'lower_imu_7'.
[2026-04-10 13:54:18.576] [warning] MarkerSet 'markerset' has subcomponents with duplicate name 'LowerO'. The duplicate is being renamed to 'LowerO_7'.
[2026-04-10 13:54:18.576] [warning] MarkerSet 'markerset' has subcomponents with duplicate name 'LowerX'. The duplicate is being renamed to 'LowerX_7'.
[2026-04-10 13:54:18.577] [warning] MarkerSet 'markerset' has subcomponents with duplicate name 'LowerY'. The duplicate is being renamed to 'LowerY_7'.
[2026-04-10 13:54:18.578] [warning] MarkerSet 'markerset' has subcomponents with duplicate name 'Lower5'. The duplicate is being renamed to 'Lower5_7'.
[2026-04-10 13:54:18.579] [warning] MarkerSet 'markerset' has subcomponents with duplicate name 'Lower6'. The duplicate is being renamed to 'Lower6_7'.
[2026-04-10 13:54:18.599] [warning] Model 'triple_pendulum' has subcomponents with duplicate name 'reporter'. The duplicate is being renamed to 'reporter_6'.
